<?xml version="1.0" encoding="UTF-8"?>
<!-- Generated by org.testng.reporters.JUnitReportReporter -->
<testsuite skipped="0" hostname="LIN22002757" name="ScreenShot.Facebook" tests="1" failures="0" timestamp="2021-04-26T12:13:33 IST" time="4.970" errors="1">
  <testcase name="captureScreenshot" time="4.970" classname="ScreenShot.Facebook">
    <error type="org.openqa.selenium.SessionNotCreatedException" message="session not created: This version of ChromeDriver only supports Chrome version 83
Build info: version: &#039;3.141.59&#039;, revision: &#039;e82be7d358&#039;, time: &#039;2018-11-14T08:25:53&#039;
System info: host: &#039;LIN22002757&#039;, ip: &#039;192.168.1.101&#039;, os.name: &#039;Windows 10&#039;, os.arch: &#039;amd64&#039;, os.version: &#039;10.0&#039;, java.version: &#039;1.8.0_231&#039;
Driver info: driver.version: ChromeDriver
remote stacktrace: Backtrace:
	Ordinal0 [0x005B9563+2725219]
	Ordinal0 [0x004B8551+1672529]
	Ordinal0 [0x003A0359+525145]
	Ordinal0 [0x00330B77+68471]
	Ordinal0 [0x0032D32C+54060]
	Ordinal0 [0x0034CC37+183351]
	Ordinal0 [0x0034CA3D+182845]
	Ordinal0 [0x0034A94B+174411]
	Ordinal0 [0x00332528+75048]
	Ordinal0 [0x003335A0+79264]
	Ordinal0 [0x00333539+79161]
	Ordinal0 [0x004CD607+1758727]
	GetHandleVerifier [0x006D6546+1050150]
	GetHandleVerifier [0x006D6291+1049457]
	GetHandleVerifier [0x006E10D7+1094071]
	GetHandleVerifier [0x006D6B46+1051686]
	Ordinal0 [0x004C5B06+1727238]
	Ordinal0 [0x004CEB7B+1764219]
	Ordinal0 [0x004CECE3+1764579]
	Ordinal0 [0x004E4C05+1854469]
	BaseThreadInitThunk [0x76B1FA29+25]
	RtlGetAppContainerNamedObjectPath [0x775B7A4E+286]
	RtlGetAppContainerNamedObjectPath [0x775B7A1E+238]
">
      <![CDATA[org.openqa.selenium.SessionNotCreatedException: session not created: This version of ChromeDriver only supports Chrome version 83
Build info: version: '3.141.59', revision: 'e82be7d358', time: '2018-11-14T08:25:53'
System info: host: 'LIN22002757', ip: '192.168.1.101', os.name: 'Windows 10', os.arch: 'amd64', os.version: '10.0', java.version: '1.8.0_231'
Driver info: driver.version: ChromeDriver
remote stacktrace: Backtrace:
Ordinal0 [0x005B9563+2725219]
Ordinal0 [0x004B8551+1672529]
Ordinal0 [0x003A0359+525145]
Ordinal0 [0x00330B77+68471]
Ordinal0 [0x0032D32C+54060]
Ordinal0 [0x0034CC37+183351]
Ordinal0 [0x0034CA3D+182845]
Ordinal0 [0x0034A94B+174411]
Ordinal0 [0x00332528+75048]
Ordinal0 [0x003335A0+79264]
Ordinal0 [0x00333539+79161]
Ordinal0 [0x004CD607+1758727]
GetHandleVerifier [0x006D6546+1050150]
GetHandleVerifier [0x006D6291+1049457]
GetHandleVerifier [0x006E10D7+1094071]
GetHandleVerifier [0x006D6B46+1051686]
Ordinal0 [0x004C5B06+1727238]
Ordinal0 [0x004CEB7B+1764219]
Ordinal0 [0x004CECE3+1764579]
Ordinal0 [0x004E4C05+1854469]
BaseThreadInitThunk [0x76B1FA29+25]
RtlGetAppContainerNamedObjectPath [0x775B7A4E+286]
RtlGetAppContainerNamedObjectPath [0x775B7A1E+238]

at sun.reflect.NativeConstructorAccessorImpl.newInstance0(Native Method)
at sun.reflect.NativeConstructorAccessorImpl.newInstance(Unknown Source)
at sun.reflect.DelegatingConstructorAccessorImpl.newInstance(Unknown Source)
at java.lang.reflect.Constructor.newInstance(Unknown Source)
at org.openqa.selenium.remote.W3CHandshakeResponse.lambda$errorHandler$0(W3CHandshakeResponse.java:62)
at org.openqa.selenium.remote.HandshakeResponse.lambda$getResponseFunction$0(HandshakeResponse.java:30)
at org.openqa.selenium.remote.ProtocolHandshake.lambda$createSession$0(ProtocolHandshake.java:126)
at java.util.stream.ReferencePipeline$3$1.accept(Unknown Source)
at java.util.Spliterators$ArraySpliterator.tryAdvance(Unknown Source)
at java.util.stream.ReferencePipeline.forEachWithCancel(Unknown Source)
at java.util.stream.AbstractPipeline.copyIntoWithCancel(Unknown Source)
at java.util.stream.AbstractPipeline.copyInto(Unknown Source)
at java.util.stream.AbstractPipeline.wrapAndCopyInto(Unknown Source)
at java.util.stream.FindOps$FindOp.evaluateSequential(Unknown Source)
at java.util.stream.AbstractPipeline.evaluate(Unknown Source)
at java.util.stream.ReferencePipeline.findFirst(Unknown Source)
at org.openqa.selenium.remote.ProtocolHandshake.createSession(ProtocolHandshake.java:128)
at org.openqa.selenium.remote.ProtocolHandshake.createSession(ProtocolHandshake.java:74)
at org.openqa.selenium.remote.HttpCommandExecutor.execute(HttpCommandExecutor.java:136)
at org.openqa.selenium.remote.service.DriverCommandExecutor.execute(DriverCommandExecutor.java:83)
at org.openqa.selenium.remote.RemoteWebDriver.execute(RemoteWebDriver.java:552)
at org.openqa.selenium.remote.RemoteWebDriver.startSession(RemoteWebDriver.java:213)
at org.openqa.selenium.remote.RemoteWebDriver.<init>(RemoteWebDriver.java:131)
at org.openqa.selenium.chrome.ChromeDriver.<init>(ChromeDriver.java:181)
at org.openqa.selenium.chrome.ChromeDriver.<init>(ChromeDriver.java:168)
at org.openqa.selenium.chrome.ChromeDriver.<init>(ChromeDriver.java:123)
at ScreenShot.Facebook.captureScreenshot(Facebook.java:26)
at sun.reflect.NativeMethodAccessorImpl.invoke0(Native Method)
at sun.reflect.NativeMethodAccessorImpl.invoke(Unknown Source)
at sun.reflect.DelegatingMethodAccessorImpl.invoke(Unknown Source)
at java.lang.reflect.Method.invoke(Unknown Source)
at org.testng.internal.MethodInvocationHelper.invokeMethod(MethodInvocationHelper.java:133)
at org.testng.internal.TestInvoker.invokeMethod(TestInvoker.java:584)
at org.testng.internal.TestInvoker.invokeTestMethod(TestInvoker.java:172)
at org.testng.internal.MethodRunner.runInSequence(MethodRunner.java:46)
at org.testng.internal.TestInvoker$MethodInvocationAgent.invoke(TestInvoker.java:804)
at org.testng.internal.TestInvoker.invokeTestMethods(TestInvoker.java:145)
at org.testng.internal.TestMethodWorker.invokeTestMethods(TestMethodWorker.java:146)
at org.testng.internal.TestMethodWorker.run(TestMethodWorker.java:128)
at java.util.ArrayList.forEach(Unknown Source)
at org.testng.TestRunner.privateRun(TestRunner.java:770)
at org.testng.TestRunner.run(TestRunner.java:591)
at org.testng.SuiteRunner.runTest(SuiteRunner.java:402)
at org.testng.SuiteRunner.runSequentially(SuiteRunner.java:396)
at org.testng.SuiteRunner.privateRun(SuiteRunner.java:355)
at org.testng.SuiteRunner.run(SuiteRunner.java:304)
at org.testng.SuiteRunnerWorker.runSuite(SuiteRunnerWorker.java:53)
at org.testng.SuiteRunnerWorker.run(SuiteRunnerWorker.java:96)
at org.testng.TestNG.runSuitesSequentially(TestNG.java:1180)
at org.testng.TestNG.runSuitesLocally(TestNG.java:1102)
at org.testng.TestNG.runSuites(TestNG.java:1032)
at org.testng.TestNG.run(TestNG.java:1000)
at org.testng.remote.AbstractRemoteTestNG.run(AbstractRemoteTestNG.java:115)
at org.testng.remote.RemoteTestNG.initAndRun(RemoteTestNG.java:251)
at org.testng.remote.RemoteTestNG.main(RemoteTestNG.java:77)
]]>
    </error>
  </testcase> <!-- captureScreenshot -->
</testsuite> <!-- ScreenShot.Facebook -->
